<?xml version="1.0" encoding="UTF-8"?>
<!-- Generated by org.testng.reporters.JUnitReportReporter -->
<testsuite hostname="DESKTOP-LAN5LD6" failures="0" tests="1" name="TestPackage.TestCases" time="5.447" errors="0" timestamp="2023-06-17T20:19:39 IST" skipped="0">
  <testcase classname="TestPackage.TestCases" name="test3" time="5.447"/>
  <system-out/>
</testsuite> <!-- TestPackage.TestCases -->
