<?xml version="1.0" encoding="UTF-8"?>
<!-- Generated by org.testng.reporters.JUnitReportReporter -->
<testsuite hostname="DESKTOP-LAN5LD6" failures="0" tests="3" name="TestPackage.TestCases" time="11.049" errors="0" timestamp="2023-06-17T20:21:55 IST" skipped="0">
  <testcase classname="TestPackage.TestCases" name="test2" time="4.395"/>
  <system-out/>
  <testcase classname="TestPackage.TestCases" name="test3" time="3.002"/>
  <system-out/>
  <testcase classname="TestPackage.TestCases" name="test1" time="3.652"/>
  <system-out/>
</testsuite> <!-- TestPackage.TestCases -->
